<?xml version="1.0" encoding="UTF-8"?>
<!-- Generated by org.testng.reporters.JUnitXMLReporter -->
<testsuite ignored="21" hostname="DESKTOP-S8LIHVD" failures="2" tests="3" name="Demo Tests" time="18.816" errors="0" timestamp="2022-07-09T15:20:20 CEST">
  <testcase classname="tests.login.UnsuccessfulLoginWrongPassword" name="UnsuccessfulLoginWrongPassword" time="4.749"/>
  <testcase classname="tests.login.SuccessfulLoginLogout" name="testSuccessfulLoinLogout" time="5.491">
    <failure type="java.lang.AssertionError" message="PADANCIJA!!!">
      <![CDATA[java.lang.AssertionError: PADANCIJA!!!
at tests.login.SuccessfulLoginLogout.testSuccessfulLoinLogout(SuccessfulLoginLogout.java:76)
at java.base/java.util.concurrent.ThreadPoolExecutor.runWorker(ThreadPoolExecutor.java:1136)
at java.base/java.util.concurrent.ThreadPoolExecutor$Worker.run(ThreadPoolExecutor.java:635)
at java.base/java.lang.Thread.run(Thread.java:833)
... Removed 11 stack frames]]>
    </failure>
  </testcase> <!-- testSuccessfulLoinLogout -->
  <testcase classname="tests.login.SuccessfulLoginLogoutTwoDrivers" name="testSuccessfulLoinLogoutTwoDrivers" time="7.419">
    <failure type="java.lang.AssertionError" message="Nema!">
      <![CDATA[java.lang.AssertionError: Nema!
at tests.login.SuccessfulLoginLogoutTwoDrivers.testSuccessfulLoinLogoutTwoDrivers(SuccessfulLoginLogoutTwoDrivers.java:68)
at java.base/java.util.concurrent.ThreadPoolExecutor.runWorker(ThreadPoolExecutor.java:1136)
at java.base/java.util.concurrent.ThreadPoolExecutor$Worker.run(ThreadPoolExecutor.java:635)
at java.base/java.lang.Thread.run(Thread.java:833)
... Removed 11 stack frames]]>
    </failure>
  </testcase> <!-- testSuccessfulLoinLogoutTwoDrivers -->
  <testcase classname="tests.evaluation.EvaluateLoginPage" name="UnsuccessfulLoginWrongPassword" time="0.0">
    <ignored/>
  </testcase> <!-- UnsuccessfulLoginWrongPassword -->
  <testcase classname="tests.exampleTests.DemoApi" name="testDemoApi" time="0.0">
    <ignored/>
  </testcase> <!-- testDemoApi -->
  <testcase classname="tests.exampleTests.DemoTestBase" name="testUserClass" time="0.0">
    <ignored/>
  </testcase> <!-- testUserClass -->
  <testcase classname="tests.exampleTests.DemoTestHeroesDetailsDialogBoxAdminUser" name="DemoTestHeroesDetailsDialogBoxAdminUser" time="0.0">
    <ignored/>
  </testcase> <!-- DemoTestHeroesDetailsDialogBoxAdminUser -->
  <testcase classname="tests.login.NewlyCreatedUserCanLogin" name="testSuccessfulLoinLogout" time="0.0">
    <ignored/>
  </testcase> <!-- testSuccessfulLoinLogout -->
  <testcase classname="tests.exampleTests.TestUserClass" name="testUserClass" time="0.0">
    <ignored/>
  </testcase> <!-- testUserClass -->
  <testcase classname="tests.heroes.VerifyUserDetailsDialogBoxOnHeroesPage" name="DemoTestUserDetailsDialogBoxAdmin" time="0.0">
    <ignored/>
  </testcase> <!-- DemoTestUserDetailsDialogBoxAdmin -->
  <testcase classname="tests.heroes.VerifyDeleteHeroUsingUI" name="testDeleteHero" time="0.0">
    <ignored/>
  </testcase> <!-- testDeleteHero -->
  <testcase classname="tests.exampleTests.DemoApiDelete" name="testDemoApiDelete" time="0.0">
    <ignored/>
  </testcase> <!-- testDemoApiDelete -->
  <testcase classname="tests.exampleTests.DemoHeroesDialogBox" name="testHeroesDialogBox" time="0.0">
    <ignored/>
  </testcase> <!-- testHeroesDialogBox -->
  <testcase classname="tests.heroes.NewHeroUIVerification" name="NewHeroUIVerification" time="0.0">
    <ignored/>
  </testcase> <!-- NewHeroUIVerification -->
  <testcase classname="tests.exampleTests.DemoTestHeroesPage" name="testSuccessfulLoinLogout" time="0.0">
    <ignored/>
  </testcase> <!-- testSuccessfulLoinLogout -->
  <testcase classname="tests.login.VerifyNavigationForAdminUser" name="testVerifyNavigationForAdminUser" time="0.0">
    <ignored/>
  </testcase> <!-- testVerifyNavigationForAdminUser -->
  <testcase classname="tests.login.VerifyNavigationForEndUser" name="testVerifyNavigationForEndUser" time="0.0">
    <ignored/>
  </testcase> <!-- testVerifyNavigationForEndUser -->
  <testcase classname="tests.heroes.AddNewHero" name="testAddNewHero" time="0.0">
    <ignored/>
  </testcase> <!-- testAddNewHero -->
  <testcase classname="tests.api.Heroes.VerifyHeroesGetApi" name="testUserClass" time="0.0">
    <ignored/>
  </testcase> <!-- testUserClass -->
  <testcase classname="tests.exampleTests.DemoTestUserDetailsAdminUser" name="testSuccessfulLoinLogout" time="0.0">
    <ignored/>
  </testcase> <!-- testSuccessfulLoinLogout -->
  <testcase classname="tests.exampleTests.VerifyUserPresenceInUserTableCheck" name="testSuccessfulLoinLogout" time="0.0">
    <ignored/>
  </testcase> <!-- testSuccessfulLoinLogout -->
  <testcase classname="tests.users.AddNewUser" name="testAddNewUser" time="0.0">
    <ignored/>
  </testcase> <!-- testAddNewUser -->
  <testcase classname="tests.users.VerifyUserDialogBox" name="testUserDialogBox" time="0.0">
    <ignored/>
  </testcase> <!-- testUserDialogBox -->
  <testcase classname="tests.register.SuccessfulRegister" name="TestSuccessfulRegister" time="0.0">
    <ignored/>
  </testcase> <!-- TestSuccessfulRegister -->
</testsuite> <!-- Demo Tests -->
